<?xml version="1.0" encoding="UTF-8"?>
<!-- Generated by org.testng.reporters.JUnitReportReporter -->
<testsuite ignored="0" hostname="DESKTOP-55SPHHG" failures="0" tests="4" name="Tests.OrderTest" time="47.184" errors="0" timestamp="21 Nov 2020 15:10:48 GMT" skipped="0">
  <testcase classname="Tests.OrderTest" name="SelectionOfCategoryTest" time="12.469"/>
  <testcase classname="Tests.OrderTest" name="validationOrderTest" time="1.799"/>
  <testcase classname="Tests.OrderTest" name="createUserAccountTest" time="16.931"/>
  <testcase classname="Tests.OrderTest" name="checkOutTest" time="15.985"/>
</testsuite> <!-- Tests.OrderTest -->
