<?xml version="1.0" encoding="UTF-8"?>
<!-- Generated by org.testng.reporters.JUnitReportReporter -->
<testsuite ignored="0" hostname="DESKTOP-55SPHHG" failures="0" tests="1" name="Tests.Selectionandvalidationtest" time="35.587" errors="0" timestamp="01 Jul 2020 13:16:12 GMT" skipped="0">
  <testcase classname="Tests.Selectionandvalidationtest" name="testFunction" time="35.587"/>
</testsuite> <!-- Tests.Selectionandvalidationtest -->
